Build started 15/07/2022 13:06:20.
Logging verbosity is set to: Normal.     1>Project "S:\Internal\prg_ExploreHuff\ExploreHuff\ExploreHuff\ExploreHuff.vcxproj" on node 2 (Build target(s)).
     1>InitializeBuildStatus:
         Touching "Debug\ExploreHuff.tlog\unsuccessfulbuild".
       VcpkgTripletSelection:
         Using triplet "x86-windows" from "S:\Libraries\CPP\vcpkg\scripts\buildsystems\msbuild\..\..\..\installed\x86-windows\"
       ClCompile:
         C:\Program Files (x86)\Microsoft Visual Studio\2019\Community\VC\Tools\MSVC\14.29.30133\bin\HostX86\x86\CL.exe /c /I"S:\Libraries\CPP\vcpkg\scripts\buildsystems\msbuild\..\..\..\installed\x86-windows\include" /ZI /JMC /nologo /W3 /WX- /diagnostics:column /sdl /Od /Oy- /D WIN32 /D _DEBUG /D _CONSOLE /D _UNICODE /D UNICODE /Gm- /EHsc /RTC1 /MDd /GS /fp:precise /permissive- /Zc:wchar_t /Zc:forScope /Zc:inline /std:c++latest /Fo"Debug\\" /Fd"Debug\vc142.pdb" /external:W3 /Gd /TP /analyze- /FC /errorReport:prompt Main.cpp
         Main.cpp
       Link:
         C:\Program Files (x86)\Microsoft Visual Studio\2019\Community\VC\Tools\MSVC\14.29.30133\bin\HostX86\x86\link.exe /ERRORREPORT:PROMPT /OUT:"S:\Internal\prg_ExploreHuff\ExploreHuff\Debug\ExploreHuff.exe" /INCREMENTAL /ILK:"Debug\ExploreHuff.ilk" /NOLOGO /LIBPATH:"S:\Libraries\CPP\vcpkg\scripts\buildsystems\msbuild\..\..\..\installed\x86-windows\debug\lib" /LIBPATH:"S:\Libraries\CPP\vcpkg\scripts\buildsystems\msbuild\..\..\..\installed\x86-windows\debug\lib\manual-link" kernel32.lib user32.lib gdi32.lib winspool.lib comdlg32.lib advapi32.lib shell32.lib ole32.lib oleaut32.lib uuid.lib odbc32.lib odbccp32.lib "S:\Libraries\CPP\vcpkg\scripts\buildsystems\msbuild\..\..\..\installed\x86-windows\debug\lib\*.lib" /MANIFEST /MANIFESTUAC:"level='asInvoker' uiAccess='false'" /manifest:embed /DEBUG /PDB:"S:\Internal\prg_ExploreHuff\ExploreHuff\Debug\ExploreHuff.pdb" /SUBSYSTEM:CONSOLE /TLBID:1 /DYNAMICBASE /NXCOMPAT /IMPLIB:"S:\Internal\prg_ExploreHuff\ExploreHuff\Debug\ExploreHuff.lib" /MACHINE:X86 Debug\Main.obj
            Creating library S:\Internal\prg_ExploreHuff\ExploreHuff\Debug\ExploreHuff.lib and object S:\Internal\prg_ExploreHuff\ExploreHuff\Debug\ExploreHuff.exp
         ExploreHuff.vcxproj -> S:\Internal\prg_ExploreHuff\ExploreHuff\Debug\ExploreHuff.exe
       AppLocalFromInstalled:
         pwsh.exe -ExecutionPolicy Bypass -noprofile -File "S:\Libraries\CPP\vcpkg\scripts\buildsystems\msbuild\applocal.ps1" "S:\Internal\prg_ExploreHuff\ExploreHuff\Debug\ExploreHuff.exe" "S:\Libraries\CPP\vcpkg\scripts\buildsystems\msbuild\..\..\..\installed\x86-windows\debug\bin" "Debug\ExploreHuff.tlog\ExploreHuff.write.1u.tlog" "Debug\vcpkg.applocal.log"
         'pwsh.exe' is not recognized as an internal or external command,
         operable program or batch file.
         The command "pwsh.exe -ExecutionPolicy Bypass -noprofile -File "S:\Libraries\CPP\vcpkg\scripts\buildsystems\msbuild\applocal.ps1" "S:\Internal\prg_ExploreHuff\ExploreHuff\Debug\ExploreHuff.exe" "S:\Libraries\CPP\vcpkg\scripts\buildsystems\msbuild\..\..\..\installed\x86-windows\debug\bin" "Debug\ExploreHuff.tlog\ExploreHuff.write.1u.tlog" "Debug\vcpkg.applocal.log"" exited with code 9009.
         "C:\WINDOWS\System32\WindowsPowerShell\v1.0\powershell.exe" -ExecutionPolicy Bypass -noprofile -File "S:\Libraries\CPP\vcpkg\scripts\buildsystems\msbuild\applocal.ps1" "S:\Internal\prg_ExploreHuff\ExploreHuff\Debug\ExploreHuff.exe" "S:\Libraries\CPP\vcpkg\scripts\buildsystems\msbuild\..\..\..\installed\x86-windows\debug\bin" "Debug\ExploreHuff.tlog\ExploreHuff.write.1u.tlog" "Debug\vcpkg.applocal.log"
       FinalizeBuildStatus:
         Deleting file "Debug\ExploreHuff.tlog\unsuccessfulbuild".
         Touching "Debug\ExploreHuff.tlog\ExploreHuff.lastbuildstate".
     1>Done Building Project "S:\Internal\prg_ExploreHuff\ExploreHuff\ExploreHuff\ExploreHuff.vcxproj" (Build target(s)).

Build succeeded.
    0 Warning(s)
    0 Error(s)

Time Elapsed 00:00:03.94
